[2024-03-02T11:10:17.263Z] [32minfo[39m: Database connected successfully
[2024-03-02T11:10:17.267Z] [32minfo[39m: App is running on por 8000
[2024-03-02T11:10:22.687Z] [32minfo[39m: Database connected successfully
[2024-03-02T11:10:22.706Z] [32minfo[39m: App is running on por 8000
[2024-03-02T11:10:41.490Z] [32minfo[39m: Database connected successfully
[2024-03-02T11:10:41.497Z] [32minfo[39m: App is running on por 8000
[2024-03-02T11:11:20.265Z] [32minfo[39m: Database connected successfully
[2024-03-02T11:11:20.286Z] [32minfo[39m: App is running on por 8000
[2024-03-02T11:13:07.941Z] [32minfo[39m: Database connected successfully
[2024-03-02T11:13:07.945Z] [32minfo[39m: App is running on por 8000
[2024-03-02T11:13:40.993Z] [32minfo[39m: Database connected successfully
[2024-03-02T11:13:40.996Z] [32minfo[39m: App is running on por 8000
[2024-03-02T14:43:44.960Z] [32minfo[39m: Database connected successfully
[2024-03-02T14:43:44.964Z] [32minfo[39m: App is running on por 8000
[2024-03-02T14:47:46.026Z] [32minfo[39m: Database connected successfully
[2024-03-02T14:47:46.031Z] [32minfo[39m: App is running on por 8000
[2024-03-02T14:48:37.200Z] [32minfo[39m: Database connected successfully
[2024-03-02T14:48:37.206Z] [32minfo[39m: App is running on por 8000
[2024-03-02T14:49:00.869Z] [32minfo[39m: Database connected successfully
[2024-03-02T14:49:00.873Z] [32minfo[39m: App is running on por 8000
[2024-03-02T15:00:03.258Z] [32minfo[39m: Database connected successfully
[2024-03-02T15:00:03.263Z] [32minfo[39m: App is running on por 8000
[2024-03-02T15:00:20.624Z] [32minfo[39m: Database connected successfully
[2024-03-02T15:00:20.633Z] [32minfo[39m: App is running on por 8000
[2024-03-02T16:27:55.296Z] [32minfo[39m: Database connected successfully
[2024-03-02T16:27:55.300Z] [32minfo[39m: App is running on por 8000
[2024-03-02T16:29:29.717Z] [32minfo[39m: Database connected successfully
[2024-03-02T16:29:29.722Z] [32minfo[39m: App is running on por 8000
[2024-03-02T16:29:50.047Z] [32minfo[39m: Database connected successfully
[2024-03-02T16:29:50.051Z] [32minfo[39m: App is running on por 8000
[2024-03-02T16:30:20.473Z] [32minfo[39m: Database connected successfully
[2024-03-02T16:30:20.477Z] [32minfo[39m: App is running on por 8000
[2024-03-02T16:30:33.249Z] [32minfo[39m: Database connected successfully
[2024-03-02T16:30:33.256Z] [32minfo[39m: App is running on por 8000
[2024-03-02T16:30:39.863Z] [32minfo[39m: Database connected successfully
[2024-03-02T16:30:39.867Z] [32minfo[39m: App is running on por 8000
[2024-03-03T16:56:09.196Z] [32minfo[39m: Database connected successfully
[2024-03-03T16:56:09.203Z] [32minfo[39m: App is running on por 8000
[2024-03-03T16:56:45.363Z] [32minfo[39m: Database connected successfully
[2024-03-03T16:56:45.367Z] [32minfo[39m: App is running on por 8000
[2024-03-03T17:00:11.020Z] [32minfo[39m: Database connected successfully
[2024-03-03T17:00:11.024Z] [32minfo[39m: App is running on por 8000
[2024-03-03T17:31:27.182Z] [32minfo[39m: Database connected successfully
[2024-03-03T17:31:27.187Z] [32minfo[39m: App is running on por 8000
[2024-03-03T17:32:11.945Z] [32minfo[39m: Database connected successfully
[2024-03-03T17:32:11.950Z] [32minfo[39m: App is running on por 8000
[2024-03-03T17:32:39.704Z] [32minfo[39m: Database connected successfully
[2024-03-03T17:32:39.708Z] [32minfo[39m: App is running on por 8000
[2024-03-03T17:34:55.940Z] [32minfo[39m: Database connected successfully
[2024-03-03T17:34:55.944Z] [32minfo[39m: App is running on por 8000
[2024-03-03T17:34:59.192Z] [31merror[39m: ReferenceError: config is not defined
    at generateAuthTokens (/home/mirza-umer/BackendProjects/nodejs-mongo-boilerplate/src/services/auth.service.js:39:5)
    at handler (/home/mirza-umer/BackendProjects/nodejs-mongo-boilerplate/src/routes/v1/customers/auth.routes.js:14:25)
    at Layer.handle [as handle_request] (/home/mirza-umer/BackendProjects/nodejs-mongo-boilerplate/node_modules/express/lib/router/layer.js:95:5)
    at next (/home/mirza-umer/BackendProjects/nodejs-mongo-boilerplate/node_modules/express/lib/router/route.js:149:13)
    at Route.dispatch (/home/mirza-umer/BackendProjects/nodejs-mongo-boilerplate/node_modules/express/lib/router/route.js:119:3)
    at Layer.handle [as handle_request] (/home/mirza-umer/BackendProjects/nodejs-mongo-boilerplate/node_modules/express/lib/router/layer.js:95:5)
    at /home/mirza-umer/BackendProjects/nodejs-mongo-boilerplate/node_modules/express/lib/router/index.js:284:15
    at Function.process_params (/home/mirza-umer/BackendProjects/nodejs-mongo-boilerplate/node_modules/express/lib/router/index.js:346:12)
    at next (/home/mirza-umer/BackendProjects/nodejs-mongo-boilerplate/node_modules/express/lib/router/index.js:280:10)
    at Function.handle (/home/mirza-umer/BackendProjects/nodejs-mongo-boilerplate/node_modules/express/lib/router/index.js:175:3)
[2024-03-03T17:37:52.606Z] [32minfo[39m: Database connected successfully
[2024-03-03T17:37:52.611Z] [32minfo[39m: App is running on por 8000
[2024-03-03T17:37:55.610Z] [31merror[39m: ReferenceError: jwt is not defined
    at generateToken (/home/mirza-umer/BackendProjects/nodejs-mongo-boilerplate/src/services/auth.service.js:26:3)
    at generateAuthTokens (/home/mirza-umer/BackendProjects/nodejs-mongo-boilerplate/src/services/auth.service.js:43:23)
    at handler (/home/mirza-umer/BackendProjects/nodejs-mongo-boilerplate/src/routes/v1/customers/auth.routes.js:14:25)
    at Layer.handle [as handle_request] (/home/mirza-umer/BackendProjects/nodejs-mongo-boilerplate/node_modules/express/lib/router/layer.js:95:5)
    at next (/home/mirza-umer/BackendProjects/nodejs-mongo-boilerplate/node_modules/express/lib/router/route.js:149:13)
    at Route.dispatch (/home/mirza-umer/BackendProjects/nodejs-mongo-boilerplate/node_modules/express/lib/router/route.js:119:3)
    at Layer.handle [as handle_request] (/home/mirza-umer/BackendProjects/nodejs-mongo-boilerplate/node_modules/express/lib/router/layer.js:95:5)
    at /home/mirza-umer/BackendProjects/nodejs-mongo-boilerplate/node_modules/express/lib/router/index.js:284:15
    at Function.process_params (/home/mirza-umer/BackendProjects/nodejs-mongo-boilerplate/node_modules/express/lib/router/index.js:346:12)
    at next (/home/mirza-umer/BackendProjects/nodejs-mongo-boilerplate/node_modules/express/lib/router/index.js:280:10)
[2024-03-03T17:38:50.345Z] [32minfo[39m: Database connected successfully
[2024-03-03T17:38:50.348Z] [32minfo[39m: App is running on por 8000
[2024-03-03T17:38:54.187Z] [31merror[39m: TypeError: Cannot read properties of undefined (reading 'create')
    at saveToken (/home/mirza-umer/BackendProjects/nodejs-mongo-boilerplate/src/services/auth.service.js:30:32)
    at generateAuthTokens (/home/mirza-umer/BackendProjects/nodejs-mongo-boilerplate/src/services/auth.service.js:59:9)
    at handler (/home/mirza-umer/BackendProjects/nodejs-mongo-boilerplate/src/routes/v1/customers/auth.routes.js:14:25)
    at Layer.handle [as handle_request] (/home/mirza-umer/BackendProjects/nodejs-mongo-boilerplate/node_modules/express/lib/router/layer.js:95:5)
    at next (/home/mirza-umer/BackendProjects/nodejs-mongo-boilerplate/node_modules/express/lib/router/route.js:149:13)
    at Route.dispatch (/home/mirza-umer/BackendProjects/nodejs-mongo-boilerplate/node_modules/express/lib/router/route.js:119:3)
    at Layer.handle [as handle_request] (/home/mirza-umer/BackendProjects/nodejs-mongo-boilerplate/node_modules/express/lib/router/layer.js:95:5)
    at /home/mirza-umer/BackendProjects/nodejs-mongo-boilerplate/node_modules/express/lib/router/index.js:284:15
    at Function.process_params (/home/mirza-umer/BackendProjects/nodejs-mongo-boilerplate/node_modules/express/lib/router/index.js:346:12)
    at next (/home/mirza-umer/BackendProjects/nodejs-mongo-boilerplate/node_modules/express/lib/router/index.js:280:10)
[2024-03-03T17:42:10.828Z] [32minfo[39m: Database connected successfully
[2024-03-03T17:42:10.832Z] [32minfo[39m: App is running on por 8000
[2024-03-03T17:42:13.768Z] [32minfo[39m: Database connected successfully
[2024-03-03T17:42:13.772Z] [32minfo[39m: App is running on por 8000
[2024-03-03T17:42:16.785Z] [32minfo[39m: Database connected successfully
[2024-03-03T17:42:16.789Z] [32minfo[39m: App is running on por 8000
[2024-03-03T17:43:03.199Z] [32minfo[39m: Database connected successfully
[2024-03-03T17:43:03.204Z] [32minfo[39m: App is running on por 8000
[2024-03-03T17:43:06.027Z] [31merror[39m: ValidationError: Token validation failed: user: Cast to ObjectId failed for value "sasasas" (type string) at path "user" because of "BSONError", refresh_token: Path `refresh_token` is required.
    at Document.invalidate (/home/mirza-umer/BackendProjects/nodejs-mongo-boilerplate/node_modules/mongoose/lib/document.js:3197:32)
    at model.$set (/home/mirza-umer/BackendProjects/nodejs-mongo-boilerplate/node_modules/mongoose/lib/document.js:1456:12)
    at model.$set (/home/mirza-umer/BackendProjects/nodejs-mongo-boilerplate/node_modules/mongoose/lib/document.js:1111:16)
    at model.Document (/home/mirza-umer/BackendProjects/nodejs-mongo-boilerplate/node_modules/mongoose/lib/document.js:166:12)
    at model.Model (/home/mirza-umer/BackendProjects/nodejs-mongo-boilerplate/node_modules/mongoose/lib/model.js:130:12)
    at new model (/home/mirza-umer/BackendProjects/nodejs-mongo-boilerplate/node_modules/mongoose/lib/model.js:4766:15)
    at /home/mirza-umer/BackendProjects/nodejs-mongo-boilerplate/node_modules/mongoose/lib/model.js:2932:20
    at Array.map (<anonymous>)
    at Function.create (/home/mirza-umer/BackendProjects/nodejs-mongo-boilerplate/node_modules/mongoose/lib/model.js:2920:34)
    at saveToken (/home/mirza-umer/BackendProjects/nodejs-mongo-boilerplate/src/services/auth.service.js:30:32)
[2024-03-03T17:43:27.031Z] [32minfo[39m: Database connected successfully
[2024-03-03T17:43:27.037Z] [32minfo[39m: App is running on por 8000
[2024-03-03T17:43:42.978Z] [32minfo[39m: Database connected successfully
[2024-03-03T17:43:42.983Z] [32minfo[39m: App is running on por 8000
[2024-03-03T17:43:44.991Z] [31merror[39m: ValidationError: Token validation failed: refresh_token: Path `refresh_token` is required.
    at Document.invalidate (/home/mirza-umer/BackendProjects/nodejs-mongo-boilerplate/node_modules/mongoose/lib/document.js:3197:32)
    at /home/mirza-umer/BackendProjects/nodejs-mongo-boilerplate/node_modules/mongoose/lib/document.js:2990:17
    at /home/mirza-umer/BackendProjects/nodejs-mongo-boilerplate/node_modules/mongoose/lib/schemaType.js:1370:9
    at process.processTicksAndRejections (node:internal/process/task_queues:77:11)
[2024-03-03T17:45:04.073Z] [32minfo[39m: Database connected successfully
[2024-03-03T17:45:04.076Z] [32minfo[39m: App is running on por 8000
[2024-03-03T17:45:08.656Z] [31merror[39m: ValidationError: Token validation failed: refresh_token: Path `refresh_token` is required.
    at Document.invalidate (/home/mirza-umer/BackendProjects/nodejs-mongo-boilerplate/node_modules/mongoose/lib/document.js:3197:32)
    at /home/mirza-umer/BackendProjects/nodejs-mongo-boilerplate/node_modules/mongoose/lib/document.js:2990:17
    at /home/mirza-umer/BackendProjects/nodejs-mongo-boilerplate/node_modules/mongoose/lib/schemaType.js:1370:9
    at process.processTicksAndRejections (node:internal/process/task_queues:77:11)
[2024-03-03T17:45:44.185Z] [32minfo[39m: Database connected successfully
[2024-03-03T17:45:44.190Z] [32minfo[39m: App is running on por 8000
[2024-03-03T17:45:45.802Z] [31merror[39m: ReferenceError: refresh_token is not defined
    at generateAuthTokens (/home/mirza-umer/BackendProjects/nodejs-mongo-boilerplate/src/services/auth.service.js:65:15)
    at handler (/home/mirza-umer/BackendProjects/nodejs-mongo-boilerplate/src/routes/v1/customers/auth.routes.js:14:25)
    at Layer.handle [as handle_request] (/home/mirza-umer/BackendProjects/nodejs-mongo-boilerplate/node_modules/express/lib/router/layer.js:95:5)
    at next (/home/mirza-umer/BackendProjects/nodejs-mongo-boilerplate/node_modules/express/lib/router/route.js:149:13)
    at Route.dispatch (/home/mirza-umer/BackendProjects/nodejs-mongo-boilerplate/node_modules/express/lib/router/route.js:119:3)
    at Layer.handle [as handle_request] (/home/mirza-umer/BackendProjects/nodejs-mongo-boilerplate/node_modules/express/lib/router/layer.js:95:5)
    at /home/mirza-umer/BackendProjects/nodejs-mongo-boilerplate/node_modules/express/lib/router/index.js:284:15
    at Function.process_params (/home/mirza-umer/BackendProjects/nodejs-mongo-boilerplate/node_modules/express/lib/router/index.js:346:12)
    at next (/home/mirza-umer/BackendProjects/nodejs-mongo-boilerplate/node_modules/express/lib/router/index.js:280:10)
    at Function.handle (/home/mirza-umer/BackendProjects/nodejs-mongo-boilerplate/node_modules/express/lib/router/index.js:175:3)
[2024-03-03T17:46:08.260Z] [32minfo[39m: Database connected successfully
[2024-03-03T17:46:08.267Z] [32minfo[39m: App is running on por 8000
[2024-03-03T17:46:23.551Z] [32minfo[39m: Database connected successfully
[2024-03-03T17:46:23.556Z] [32minfo[39m: App is running on por 8000
[2024-03-03T17:46:24.999Z] [31merror[39m: ValidationError: Token validation failed: refresh_token: Path `refresh_token` is required.
    at Document.invalidate (/home/mirza-umer/BackendProjects/nodejs-mongo-boilerplate/node_modules/mongoose/lib/document.js:3197:32)
    at /home/mirza-umer/BackendProjects/nodejs-mongo-boilerplate/node_modules/mongoose/lib/document.js:2990:17
    at /home/mirza-umer/BackendProjects/nodejs-mongo-boilerplate/node_modules/mongoose/lib/schemaType.js:1370:9
    at process.processTicksAndRejections (node:internal/process/task_queues:77:11)
[2024-03-03T17:47:09.595Z] [32minfo[39m: Database connected successfully
[2024-03-03T17:47:09.604Z] [32minfo[39m: App is running on por 8000
[2024-03-03T17:47:14.240Z] [32minfo[39m: Database connected successfully
[2024-03-03T17:47:14.244Z] [32minfo[39m: App is running on por 8000
[2024-03-03T17:47:16.492Z] [31merror[39m: ValidationError: Token validation failed: refresh_token: Path `refresh_token` is required.
    at Document.invalidate (/home/mirza-umer/BackendProjects/nodejs-mongo-boilerplate/node_modules/mongoose/lib/document.js:3197:32)
    at /home/mirza-umer/BackendProjects/nodejs-mongo-boilerplate/node_modules/mongoose/lib/document.js:2990:17
    at /home/mirza-umer/BackendProjects/nodejs-mongo-boilerplate/node_modules/mongoose/lib/schemaType.js:1370:9
    at process.processTicksAndRejections (node:internal/process/task_queues:77:11)
[2024-03-03T17:47:40.406Z] [32minfo[39m: Database connected successfully
[2024-03-03T17:47:40.411Z] [32minfo[39m: App is running on por 8000
[2024-03-03T17:47:42.188Z] [31merror[39m: ReferenceError: refreshToken is not defined
    at generateAuthTokens (/home/mirza-umer/BackendProjects/nodejs-mongo-boilerplate/src/services/auth.service.js:78:14)
    at handler (/home/mirza-umer/BackendProjects/nodejs-mongo-boilerplate/src/routes/v1/customers/auth.routes.js:14:25)
    at Layer.handle [as handle_request] (/home/mirza-umer/BackendProjects/nodejs-mongo-boilerplate/node_modules/express/lib/router/layer.js:95:5)
    at next (/home/mirza-umer/BackendProjects/nodejs-mongo-boilerplate/node_modules/express/lib/router/route.js:149:13)
    at Route.dispatch (/home/mirza-umer/BackendProjects/nodejs-mongo-boilerplate/node_modules/express/lib/router/route.js:119:3)
    at Layer.handle [as handle_request] (/home/mirza-umer/BackendProjects/nodejs-mongo-boilerplate/node_modules/express/lib/router/layer.js:95:5)
    at /home/mirza-umer/BackendProjects/nodejs-mongo-boilerplate/node_modules/express/lib/router/index.js:284:15
    at Function.process_params (/home/mirza-umer/BackendProjects/nodejs-mongo-boilerplate/node_modules/express/lib/router/index.js:346:12)
    at next (/home/mirza-umer/BackendProjects/nodejs-mongo-boilerplate/node_modules/express/lib/router/index.js:280:10)
    at Function.handle (/home/mirza-umer/BackendProjects/nodejs-mongo-boilerplate/node_modules/express/lib/router/index.js:175:3)
[2024-03-03T17:47:51.684Z] [32minfo[39m: Database connected successfully
[2024-03-03T17:47:51.688Z] [32minfo[39m: App is running on por 8000
[2024-03-03T17:48:05.159Z] [32minfo[39m: Database connected successfully
[2024-03-03T17:48:05.163Z] [32minfo[39m: App is running on por 8000
[2024-03-03T17:48:07.769Z] [31merror[39m: ValidationError: Token validation failed: refresh_token: Path `refresh_token` is required.
    at Document.invalidate (/home/mirza-umer/BackendProjects/nodejs-mongo-boilerplate/node_modules/mongoose/lib/document.js:3197:32)
    at /home/mirza-umer/BackendProjects/nodejs-mongo-boilerplate/node_modules/mongoose/lib/document.js:2990:17
    at /home/mirza-umer/BackendProjects/nodejs-mongo-boilerplate/node_modules/mongoose/lib/schemaType.js:1370:9
    at process.processTicksAndRejections (node:internal/process/task_queues:77:11)
[2024-03-03T17:48:56.778Z] [32minfo[39m: Database connected successfully
[2024-03-03T17:48:56.783Z] [32minfo[39m: App is running on por 8000
[2024-03-03T17:49:11.991Z] [32minfo[39m: Database connected successfully
[2024-03-03T17:49:11.995Z] [32minfo[39m: App is running on por 8000
[2024-03-03T17:49:25.536Z] [32minfo[39m: Database connected successfully
[2024-03-03T17:49:25.542Z] [32minfo[39m: App is running on por 8000
[2024-03-03T17:49:27.688Z] [32minfo[39m: Database connected successfully
[2024-03-03T17:49:27.693Z] [32minfo[39m: App is running on por 8000
[2024-03-03T17:50:11.024Z] [32minfo[39m: Database connected successfully
[2024-03-03T17:50:11.028Z] [32minfo[39m: App is running on por 8000
[2024-03-03T17:50:35.896Z] [32minfo[39m: Database connected successfully
[2024-03-03T17:50:35.908Z] [32minfo[39m: App is running on por 8000
[2024-03-03T17:54:26.108Z] [32minfo[39m: Database connected successfully
[2024-03-03T17:54:26.111Z] [32minfo[39m: App is running on por 8000
[2024-03-03T18:04:37.683Z] [32minfo[39m: Database connected successfully
[2024-03-03T18:04:37.689Z] [32minfo[39m: App is running on por 8000
[2024-03-03T18:05:14.785Z] [32minfo[39m: Database connected successfully
[2024-03-03T18:05:14.790Z] [32minfo[39m: App is running on por 8000
[2024-03-03T18:05:27.313Z] [32minfo[39m: Database connected successfully
[2024-03-03T18:05:27.318Z] [32minfo[39m: App is running on por 8000
[2024-03-03T18:05:47.113Z] [32minfo[39m: Database connected successfully
[2024-03-03T18:05:47.128Z] [32minfo[39m: App is running on por 8000
[2024-03-03T18:06:17.070Z] [32minfo[39m: Database connected successfully
[2024-03-03T18:06:17.075Z] [32minfo[39m: App is running on por 8000
[2024-03-03T18:07:16.049Z] [32minfo[39m: Database connected successfully
[2024-03-03T18:07:16.054Z] [32minfo[39m: App is running on por 8000
[2024-03-03T18:07:19.957Z] [32minfo[39m: Database connected successfully
[2024-03-03T18:07:19.961Z] [32minfo[39m: App is running on por 8000
[2024-03-03T18:07:30.262Z] [32minfo[39m: Database connected successfully
[2024-03-03T18:07:30.266Z] [32minfo[39m: App is running on por 8000
[2024-03-03T18:07:56.424Z] [32minfo[39m: Database connected successfully
[2024-03-03T18:07:56.428Z] [32minfo[39m: App is running on por 8000
[2024-03-03T18:08:06.665Z] [32minfo[39m: Database connected successfully
[2024-03-03T18:08:06.670Z] [32minfo[39m: App is running on por 8000
[2024-03-03T18:08:49.652Z] [32minfo[39m: Database connected successfully
[2024-03-03T18:08:49.657Z] [32minfo[39m: App is running on por 8000
[2024-03-03T18:09:14.501Z] [32minfo[39m: Database connected successfully
[2024-03-03T18:09:14.507Z] [32minfo[39m: App is running on por 8000
[2024-03-03T18:10:02.576Z] [32minfo[39m: Database connected successfully
[2024-03-03T18:10:02.595Z] [32minfo[39m: App is running on por 8000
[2024-03-03T18:10:05.013Z] [32minfo[39m: Database connected successfully
[2024-03-03T18:10:05.018Z] [32minfo[39m: App is running on por 8000
[2024-03-03T18:10:38.444Z] [32minfo[39m: Database connected successfully
[2024-03-03T18:10:38.448Z] [32minfo[39m: App is running on por 8000
[2024-03-03T18:11:15.878Z] [32minfo[39m: Database connected successfully
[2024-03-03T18:11:15.885Z] [32minfo[39m: App is running on por 8000
[2024-03-03T18:11:31.469Z] [32minfo[39m: Database connected successfully
[2024-03-03T18:11:31.473Z] [32minfo[39m: App is running on por 8000
[2024-03-03T18:11:42.509Z] [32minfo[39m: Database connected successfully
[2024-03-03T18:11:42.529Z] [32minfo[39m: App is running on por 8000
[2024-03-03T18:11:49.970Z] [32minfo[39m: Database connected successfully
[2024-03-03T18:11:49.976Z] [32minfo[39m: App is running on por 8000
[2024-03-03T18:12:09.760Z] [32minfo[39m: Database connected successfully
[2024-03-03T18:12:09.764Z] [32minfo[39m: App is running on por 8000
[2024-03-03T18:13:04.259Z] [32minfo[39m: Database connected successfully
[2024-03-03T18:13:04.263Z] [32minfo[39m: App is running on por 8000
[2024-03-03T18:13:25.148Z] [32minfo[39m: Database connected successfully
[2024-03-03T18:13:25.155Z] [32minfo[39m: App is running on por 8000
[2024-03-03T18:14:43.111Z] [32minfo[39m: Database connected successfully
[2024-03-03T18:14:43.115Z] [32minfo[39m: App is running on por 8000
[2024-03-03T18:15:09.911Z] [32minfo[39m: Database connected successfully
[2024-03-03T18:15:09.918Z] [32minfo[39m: App is running on por 8000
[2024-03-03T18:16:51.544Z] [32minfo[39m: Database connected successfully
[2024-03-03T18:16:51.548Z] [32minfo[39m: App is running on por 8000
[2024-03-03T18:17:11.361Z] [32minfo[39m: Database connected successfully
[2024-03-03T18:17:11.365Z] [32minfo[39m: App is running on por 8000
[2024-03-03T18:19:11.673Z] [32minfo[39m: Database connected successfully
[2024-03-03T18:19:11.680Z] [32minfo[39m: App is running on por 8000
[2024-03-03T18:19:15.301Z] [32minfo[39m: Database connected successfully
[2024-03-03T18:19:15.305Z] [32minfo[39m: App is running on por 8000
[2024-03-03T18:19:21.603Z] [32minfo[39m: Database connected successfully
[2024-03-03T18:19:21.607Z] [32minfo[39m: App is running on por 8000
[2024-03-03T18:20:14.072Z] [32minfo[39m: Database connected successfully
[2024-03-03T18:20:14.077Z] [32minfo[39m: App is running on por 8000
[2024-03-03T18:22:37.725Z] [32minfo[39m: Database connected successfully
[2024-03-03T18:22:37.730Z] [32minfo[39m: App is running on por 8000
[2024-03-03T18:22:40.546Z] [32minfo[39m: Database connected successfully
[2024-03-03T18:22:40.550Z] [32minfo[39m: App is running on por 8000
[2024-03-03T18:22:53.365Z] [32minfo[39m: Database connected successfully
[2024-03-03T18:22:53.370Z] [32minfo[39m: App is running on por 8000
[2024-03-03T18:25:45.362Z] [32minfo[39m: Database connected successfully
[2024-03-03T18:25:45.366Z] [32minfo[39m: App is running on por 8000
[2024-03-03T18:27:56.026Z] [32minfo[39m: Database connected successfully
[2024-03-03T18:27:56.031Z] [32minfo[39m: App is running on por 8000
[2024-03-03T18:28:44.886Z] [32minfo[39m: Database connected successfully
[2024-03-03T18:28:44.890Z] [32minfo[39m: App is running on por 8000
[2024-03-03T18:29:12.131Z] [32minfo[39m: Database connected successfully
[2024-03-03T18:29:12.135Z] [32minfo[39m: App is running on por 8000
[2024-03-03T18:29:43.708Z] [32minfo[39m: Database connected successfully
[2024-03-03T18:29:43.713Z] [32minfo[39m: App is running on por 8000
[2024-03-03T18:31:04.524Z] [32minfo[39m: Database connected successfully
[2024-03-03T18:31:04.528Z] [32minfo[39m: App is running on por 8000
[2024-03-03T18:31:17.923Z] [32minfo[39m: Database connected successfully
[2024-03-03T18:31:17.928Z] [32minfo[39m: App is running on por 8000
[2024-03-03T18:32:51.322Z] [32minfo[39m: Database connected successfully
[2024-03-03T18:32:51.326Z] [32minfo[39m: App is running on por 8000
[2024-03-03T18:32:57.082Z] [32minfo[39m: Database connected successfully
[2024-03-03T18:32:57.087Z] [32minfo[39m: App is running on por 8000
[2024-03-03T18:33:14.640Z] [32minfo[39m: Database connected successfully
[2024-03-03T18:33:14.644Z] [32minfo[39m: App is running on por 8000
[2024-03-03T18:33:24.581Z] [32minfo[39m: Database connected successfully
[2024-03-03T18:33:24.584Z] [32minfo[39m: App is running on por 8000
[2024-03-03T18:34:19.417Z] [32minfo[39m: Database connected successfully
[2024-03-03T18:34:19.421Z] [32minfo[39m: App is running on por 8000
[2024-03-03T18:36:02.416Z] [32minfo[39m: Database connected successfully
[2024-03-03T18:36:02.420Z] [32minfo[39m: App is running on por 8000
[2024-03-03T18:36:15.238Z] [32minfo[39m: Database connected successfully
[2024-03-03T18:36:15.241Z] [32minfo[39m: App is running on por 8000
[2024-03-03T18:36:17.007Z] [32minfo[39m: Database connected successfully
[2024-03-03T18:36:17.012Z] [32minfo[39m: App is running on por 8000
[2024-03-03T18:37:09.721Z] [32minfo[39m: Database connected successfully
[2024-03-03T18:37:09.727Z] [32minfo[39m: App is running on por 8000
[2024-03-03T18:37:30.301Z] [32minfo[39m: Database connected successfully
[2024-03-03T18:37:30.306Z] [32minfo[39m: App is running on por 8000
[2024-03-03T18:37:44.491Z] [32minfo[39m: Database connected successfully
[2024-03-03T18:37:44.496Z] [32minfo[39m: App is running on por 8000
[2024-03-03T18:38:00.812Z] [32minfo[39m: Database connected successfully
[2024-03-03T18:38:00.819Z] [32minfo[39m: App is running on por 8000
[2024-03-03T18:38:10.771Z] [32minfo[39m: Database connected successfully
[2024-03-03T18:38:10.776Z] [32minfo[39m: App is running on por 8000
[2024-03-03T18:38:17.627Z] [32minfo[39m: Database connected successfully
[2024-03-03T18:38:17.632Z] [32minfo[39m: App is running on por 8000
[2024-03-03T18:38:28.597Z] [32minfo[39m: Database connected successfully
[2024-03-03T18:38:28.602Z] [32minfo[39m: App is running on por 8000
[2024-03-03T18:38:35.705Z] [32minfo[39m: Database connected successfully
[2024-03-03T18:38:35.709Z] [32minfo[39m: App is running on por 8000
[2024-03-03T18:38:46.549Z] [32minfo[39m: Database connected successfully
[2024-03-03T18:38:46.553Z] [32minfo[39m: App is running on por 8000
[2024-03-03T18:38:53.970Z] [32minfo[39m: Database connected successfully
[2024-03-03T18:38:53.976Z] [32minfo[39m: App is running on por 8000
[2024-03-03T18:39:14.194Z] [32minfo[39m: Database connected successfully
[2024-03-03T18:39:14.198Z] [32minfo[39m: App is running on por 8000
[2024-03-03T18:39:24.293Z] [32minfo[39m: Database connected successfully
[2024-03-03T18:39:24.297Z] [32minfo[39m: App is running on por 8000
[2024-03-03T18:40:04.684Z] [32minfo[39m: Database connected successfully
[2024-03-03T18:40:04.694Z] [32minfo[39m: App is running on por 8000
[2024-03-03T18:40:07.112Z] [32minfo[39m: Database connected successfully
[2024-03-03T18:40:07.116Z] [32minfo[39m: App is running on por 8000
[2024-03-03T18:41:35.945Z] [32minfo[39m: Database connected successfully
[2024-03-03T18:41:35.950Z] [32minfo[39m: App is running on por 8000
[2024-03-03T18:41:59.495Z] [32minfo[39m: Database connected successfully
[2024-03-03T18:41:59.500Z] [32minfo[39m: App is running on por 8000
[2024-03-03T18:42:15.510Z] [32minfo[39m: Database connected successfully
[2024-03-03T18:42:15.514Z] [32minfo[39m: App is running on por 8000
[2024-03-03T18:42:33.391Z] [32minfo[39m: Database connected successfully
[2024-03-03T18:42:33.396Z] [32minfo[39m: App is running on por 8000
[2024-03-03T18:45:13.732Z] [32minfo[39m: Database connected successfully
[2024-03-03T18:45:13.737Z] [32minfo[39m: App is running on por 8000
[2024-03-03T18:45:23.725Z] [32minfo[39m: Database connected successfully
[2024-03-03T18:45:23.729Z] [32minfo[39m: App is running on por 8000
[2024-03-03T18:45:26.890Z] [32minfo[39m: Database connected successfully
[2024-03-03T18:45:26.894Z] [32minfo[39m: App is running on por 8000
[2024-03-03T18:55:22.485Z] [32minfo[39m: Database connected successfully
[2024-03-03T18:55:22.489Z] [32minfo[39m: App is running on por 8000
[2024-03-03T18:56:01.950Z] [32minfo[39m: Database connected successfully
[2024-03-03T18:56:01.954Z] [32minfo[39m: App is running on por 8000
[2024-03-03T18:56:03.622Z] [32minfo[39m: Database connected successfully
[2024-03-03T18:56:03.650Z] [32minfo[39m: App is running on por 8000
[2024-03-03T18:56:58.205Z] [32minfo[39m: Database connected successfully
[2024-03-03T18:56:58.212Z] [32minfo[39m: App is running on por 8000
[2024-03-03T18:57:06.237Z] [32minfo[39m: Database connected successfully
[2024-03-03T18:57:06.242Z] [32minfo[39m: App is running on por 8000
[2024-03-03T18:57:17.997Z] [32minfo[39m: Database connected successfully
[2024-03-03T18:57:18.002Z] [32minfo[39m: App is running on por 8000
[2024-03-03T18:57:23.368Z] [32minfo[39m: Database connected successfully
[2024-03-03T18:57:23.372Z] [32minfo[39m: App is running on por 8000
[2024-03-03T18:57:30.481Z] [31merror[39m: TypeError: User.isEmailTaken is not a function
    at createUser (/home/mirza-umer/BackendProjects/nodejs-mongo-boilerplate/src/services/user.service.js:5:18)
    at /home/mirza-umer/BackendProjects/nodejs-mongo-boilerplate/src/contorllers/auth.controllers.js:5:3
    at /home/mirza-umer/BackendProjects/nodejs-mongo-boilerplate/src/utils/catchAsync.js:2:19
    at Layer.handle [as handle_request] (/home/mirza-umer/BackendProjects/nodejs-mongo-boilerplate/node_modules/express/lib/router/layer.js:95:5)
    at next (/home/mirza-umer/BackendProjects/nodejs-mongo-boilerplate/node_modules/express/lib/router/route.js:149:13)
    at /home/mirza-umer/BackendProjects/nodejs-mongo-boilerplate/src/middleware/validate.js:14:3
    at Layer.handle [as handle_request] (/home/mirza-umer/BackendProjects/nodejs-mongo-boilerplate/node_modules/express/lib/router/layer.js:95:5)
    at next (/home/mirza-umer/BackendProjects/nodejs-mongo-boilerplate/node_modules/express/lib/router/route.js:149:13)
    at Route.dispatch (/home/mirza-umer/BackendProjects/nodejs-mongo-boilerplate/node_modules/express/lib/router/route.js:119:3)
    at Layer.handle [as handle_request] (/home/mirza-umer/BackendProjects/nodejs-mongo-boilerplate/node_modules/express/lib/router/layer.js:95:5)
[2024-03-03T18:58:06.071Z] [32minfo[39m: Database connected successfully
[2024-03-03T18:58:06.082Z] [32minfo[39m: App is running on por 8000
[2024-03-03T18:58:07.960Z] [31merror[39m: TypeError: User.isEmailTaken is not a function
    at createUser (/home/mirza-umer/BackendProjects/nodejs-mongo-boilerplate/src/services/user.service.js:5:18)
    at /home/mirza-umer/BackendProjects/nodejs-mongo-boilerplate/src/contorllers/auth.controllers.js:5:3
    at /home/mirza-umer/BackendProjects/nodejs-mongo-boilerplate/src/utils/catchAsync.js:2:19
    at Layer.handle [as handle_request] (/home/mirza-umer/BackendProjects/nodejs-mongo-boilerplate/node_modules/express/lib/router/layer.js:95:5)
    at next (/home/mirza-umer/BackendProjects/nodejs-mongo-boilerplate/node_modules/express/lib/router/route.js:149:13)
    at /home/mirza-umer/BackendProjects/nodejs-mongo-boilerplate/src/middleware/validate.js:14:3
    at Layer.handle [as handle_request] (/home/mirza-umer/BackendProjects/nodejs-mongo-boilerplate/node_modules/express/lib/router/layer.js:95:5)
    at next (/home/mirza-umer/BackendProjects/nodejs-mongo-boilerplate/node_modules/express/lib/router/route.js:149:13)
    at Route.dispatch (/home/mirza-umer/BackendProjects/nodejs-mongo-boilerplate/node_modules/express/lib/router/route.js:119:3)
    at Layer.handle [as handle_request] (/home/mirza-umer/BackendProjects/nodejs-mongo-boilerplate/node_modules/express/lib/router/layer.js:95:5)
[2024-03-03T18:58:35.336Z] [32minfo[39m: Database connected successfully
[2024-03-03T18:58:35.341Z] [32minfo[39m: App is running on por 8000
[2024-03-03T18:58:38.560Z] [31merror[39m: TypeError: User.isEmailTaken is not a function
    at createUser (/home/mirza-umer/BackendProjects/nodejs-mongo-boilerplate/src/services/user.service.js:5:18)
    at /home/mirza-umer/BackendProjects/nodejs-mongo-boilerplate/src/contorllers/auth.controllers.js:5:3
    at /home/mirza-umer/BackendProjects/nodejs-mongo-boilerplate/src/utils/catchAsync.js:2:19
    at Layer.handle [as handle_request] (/home/mirza-umer/BackendProjects/nodejs-mongo-boilerplate/node_modules/express/lib/router/layer.js:95:5)
    at next (/home/mirza-umer/BackendProjects/nodejs-mongo-boilerplate/node_modules/express/lib/router/route.js:149:13)
    at /home/mirza-umer/BackendProjects/nodejs-mongo-boilerplate/src/middleware/validate.js:14:3
    at Layer.handle [as handle_request] (/home/mirza-umer/BackendProjects/nodejs-mongo-boilerplate/node_modules/express/lib/router/layer.js:95:5)
    at next (/home/mirza-umer/BackendProjects/nodejs-mongo-boilerplate/node_modules/express/lib/router/route.js:149:13)
    at Route.dispatch (/home/mirza-umer/BackendProjects/nodejs-mongo-boilerplate/node_modules/express/lib/router/route.js:119:3)
    at Layer.handle [as handle_request] (/home/mirza-umer/BackendProjects/nodejs-mongo-boilerplate/node_modules/express/lib/router/layer.js:95:5)
[2024-03-03T18:59:14.193Z] [32minfo[39m: Database connected successfully
[2024-03-03T18:59:14.197Z] [32minfo[39m: App is running on por 8000
[2024-03-03T18:59:16.732Z] [31merror[39m: ValidationError: User validation failed: email: validator is not defined, role: `user` is not a valid enum value for path `role`.
    at Document.invalidate (/home/mirza-umer/BackendProjects/nodejs-mongo-boilerplate/node_modules/mongoose/lib/document.js:3197:32)
    at /home/mirza-umer/BackendProjects/nodejs-mongo-boilerplate/node_modules/mongoose/lib/document.js:2990:17
    at /home/mirza-umer/BackendProjects/nodejs-mongo-boilerplate/node_modules/mongoose/lib/schemaType.js:1370:9
    at process.processTicksAndRejections (node:internal/process/task_queues:77:11)
[2024-03-03T18:59:33.331Z] [32minfo[39m: Database connected successfully
[2024-03-03T18:59:33.336Z] [32minfo[39m: App is running on por 8000
[2024-03-03T18:59:34.074Z] [31merror[39m: TypeError: Spread syntax requires ...iterable[Symbol.iterator] to be a function
    at createUser (/home/mirza-umer/BackendProjects/nodejs-mongo-boilerplate/src/services/user.service.js:8:15)
    at /home/mirza-umer/BackendProjects/nodejs-mongo-boilerplate/src/contorllers/auth.controllers.js:5:3
    at /home/mirza-umer/BackendProjects/nodejs-mongo-boilerplate/src/utils/catchAsync.js:2:19
    at Layer.handle [as handle_request] (/home/mirza-umer/BackendProjects/nodejs-mongo-boilerplate/node_modules/express/lib/router/layer.js:95:5)
    at next (/home/mirza-umer/BackendProjects/nodejs-mongo-boilerplate/node_modules/express/lib/router/route.js:149:13)
    at /home/mirza-umer/BackendProjects/nodejs-mongo-boilerplate/src/middleware/validate.js:14:3
    at Layer.handle [as handle_request] (/home/mirza-umer/BackendProjects/nodejs-mongo-boilerplate/node_modules/express/lib/router/layer.js:95:5)
    at next (/home/mirza-umer/BackendProjects/nodejs-mongo-boilerplate/node_modules/express/lib/router/route.js:149:13)
    at Route.dispatch (/home/mirza-umer/BackendProjects/nodejs-mongo-boilerplate/node_modules/express/lib/router/route.js:119:3)
    at Layer.handle [as handle_request] (/home/mirza-umer/BackendProjects/nodejs-mongo-boilerplate/node_modules/express/lib/router/layer.js:95:5)
[2024-03-03T18:59:40.716Z] [32minfo[39m: Database connected successfully
[2024-03-03T18:59:40.720Z] [32minfo[39m: App is running on por 8000
[2024-03-03T18:59:50.830Z] [32minfo[39m: Database connected successfully
[2024-03-03T18:59:50.836Z] [32minfo[39m: App is running on por 8000
[2024-03-03T18:59:52.223Z] [31merror[39m: ValidationError: User validation failed: email: validator is not defined, role: `user` is not a valid enum value for path `role`.
    at Document.invalidate (/home/mirza-umer/BackendProjects/nodejs-mongo-boilerplate/node_modules/mongoose/lib/document.js:3197:32)
    at /home/mirza-umer/BackendProjects/nodejs-mongo-boilerplate/node_modules/mongoose/lib/document.js:2990:17
    at /home/mirza-umer/BackendProjects/nodejs-mongo-boilerplate/node_modules/mongoose/lib/schemaType.js:1370:9
    at process.processTicksAndRejections (node:internal/process/task_queues:77:11)
[2024-03-03T19:00:27.865Z] [32minfo[39m: Database connected successfully
[2024-03-03T19:00:27.870Z] [32minfo[39m: App is running on por 8000
[2024-03-03T19:00:36.227Z] [32minfo[39m: Database connected successfully
[2024-03-03T19:00:36.231Z] [32minfo[39m: App is running on por 8000
[2024-03-03T19:00:38.012Z] [31merror[39m: TypeError: object is not iterable (cannot read property Symbol(Symbol.iterator))
    at createUser (/home/mirza-umer/BackendProjects/nodejs-mongo-boilerplate/src/services/user.service.js:9:25)
    at /home/mirza-umer/BackendProjects/nodejs-mongo-boilerplate/src/contorllers/auth.controllers.js:5:3
    at /home/mirza-umer/BackendProjects/nodejs-mongo-boilerplate/src/utils/catchAsync.js:2:19
    at Layer.handle [as handle_request] (/home/mirza-umer/BackendProjects/nodejs-mongo-boilerplate/node_modules/express/lib/router/layer.js:95:5)
    at next (/home/mirza-umer/BackendProjects/nodejs-mongo-boilerplate/node_modules/express/lib/router/route.js:149:13)
    at /home/mirza-umer/BackendProjects/nodejs-mongo-boilerplate/src/middleware/validate.js:14:3
    at Layer.handle [as handle_request] (/home/mirza-umer/BackendProjects/nodejs-mongo-boilerplate/node_modules/express/lib/router/layer.js:95:5)
    at next (/home/mirza-umer/BackendProjects/nodejs-mongo-boilerplate/node_modules/express/lib/router/route.js:149:13)
    at Route.dispatch (/home/mirza-umer/BackendProjects/nodejs-mongo-boilerplate/node_modules/express/lib/router/route.js:119:3)
    at Layer.handle [as handle_request] (/home/mirza-umer/BackendProjects/nodejs-mongo-boilerplate/node_modules/express/lib/router/layer.js:95:5)
[2024-03-03T19:00:57.612Z] [32minfo[39m: Database connected successfully
[2024-03-03T19:00:57.617Z] [32minfo[39m: App is running on por 8000
[2024-03-03T19:00:59.725Z] [31merror[39m: ValidationError: User validation failed: email: validator is not defined
    at Document.invalidate (/home/mirza-umer/BackendProjects/nodejs-mongo-boilerplate/node_modules/mongoose/lib/document.js:3197:32)
    at /home/mirza-umer/BackendProjects/nodejs-mongo-boilerplate/node_modules/mongoose/lib/document.js:2990:17
    at /home/mirza-umer/BackendProjects/nodejs-mongo-boilerplate/node_modules/mongoose/lib/schemaType.js:1370:9
    at process.processTicksAndRejections (node:internal/process/task_queues:77:11)
[2024-03-03T19:01:31.880Z] [32minfo[39m: Database connected successfully
[2024-03-03T19:01:31.884Z] [32minfo[39m: App is running on por 8000
[2024-03-03T19:01:35.751Z] [31merror[39m: ValidationError: User validation failed: email: validator is not defined
    at Document.invalidate (/home/mirza-umer/BackendProjects/nodejs-mongo-boilerplate/node_modules/mongoose/lib/document.js:3197:32)
    at /home/mirza-umer/BackendProjects/nodejs-mongo-boilerplate/node_modules/mongoose/lib/document.js:2990:17
    at /home/mirza-umer/BackendProjects/nodejs-mongo-boilerplate/node_modules/mongoose/lib/schemaType.js:1370:9
    at process.processTicksAndRejections (node:internal/process/task_queues:77:11)
[2024-03-03T19:01:50.783Z] [32minfo[39m: Database connected successfully
[2024-03-03T19:01:50.787Z] [32minfo[39m: App is running on por 8000
[2024-03-03T19:01:52.603Z] [31merror[39m: ValidationError: User validation failed: email: validator is not defined
    at Document.invalidate (/home/mirza-umer/BackendProjects/nodejs-mongo-boilerplate/node_modules/mongoose/lib/document.js:3197:32)
    at /home/mirza-umer/BackendProjects/nodejs-mongo-boilerplate/node_modules/mongoose/lib/document.js:2990:17
    at /home/mirza-umer/BackendProjects/nodejs-mongo-boilerplate/node_modules/mongoose/lib/schemaType.js:1370:9
    at process.processTicksAndRejections (node:internal/process/task_queues:77:11)
[2024-03-03T19:02:34.304Z] [32minfo[39m: Database connected successfully
[2024-03-03T19:02:34.310Z] [32minfo[39m: App is running on por 8000
[2024-03-03T19:03:06.397Z] [32minfo[39m: Database connected successfully
[2024-03-03T19:03:06.401Z] [32minfo[39m: App is running on por 8000
[2024-03-03T19:03:13.267Z] [31merror[39m: TypeError: User.isEmailTaken is not a function
    at createUser (/home/mirza-umer/BackendProjects/nodejs-mongo-boilerplate/src/services/user.service.js:6:18)
    at /home/mirza-umer/BackendProjects/nodejs-mongo-boilerplate/src/contorllers/auth.controllers.js:5:3
    at /home/mirza-umer/BackendProjects/nodejs-mongo-boilerplate/src/utils/catchAsync.js:2:19
    at Layer.handle [as handle_request] (/home/mirza-umer/BackendProjects/nodejs-mongo-boilerplate/node_modules/express/lib/router/layer.js:95:5)
    at next (/home/mirza-umer/BackendProjects/nodejs-mongo-boilerplate/node_modules/express/lib/router/route.js:149:13)
    at /home/mirza-umer/BackendProjects/nodejs-mongo-boilerplate/src/middleware/validate.js:14:3
    at Layer.handle [as handle_request] (/home/mirza-umer/BackendProjects/nodejs-mongo-boilerplate/node_modules/express/lib/router/layer.js:95:5)
    at next (/home/mirza-umer/BackendProjects/nodejs-mongo-boilerplate/node_modules/express/lib/router/route.js:149:13)
    at Route.dispatch (/home/mirza-umer/BackendProjects/nodejs-mongo-boilerplate/node_modules/express/lib/router/route.js:119:3)
    at Layer.handle [as handle_request] (/home/mirza-umer/BackendProjects/nodejs-mongo-boilerplate/node_modules/express/lib/router/layer.js:95:5)
[2024-03-03T19:04:29.637Z] [32minfo[39m: Database connected successfully
[2024-03-03T19:04:29.641Z] [32minfo[39m: App is running on por 8000
[2024-03-03T19:04:32.775Z] [31merror[39m: Error: Email already taken
    at createUser (/home/mirza-umer/BackendProjects/nodejs-mongo-boilerplate/src/services/user.service.js:7:11)
    at process.processTicksAndRejections (node:internal/process/task_queues:95:5)
[2024-03-03T19:04:50.604Z] [32minfo[39m: Database connected successfully
[2024-03-03T19:04:50.611Z] [32minfo[39m: App is running on por 8000
[2024-03-03T19:05:20.057Z] [32minfo[39m: Database connected successfully
[2024-03-03T19:05:20.062Z] [32minfo[39m: App is running on por 8000
[2024-03-03T19:05:31.698Z] [31merror[39m: Error: Email already taken
    at createUser (/home/mirza-umer/BackendProjects/nodejs-mongo-boilerplate/src/services/user.service.js:7:11)
    at process.processTicksAndRejections (node:internal/process/task_queues:95:5)
[2024-03-03T19:06:59.381Z] [32minfo[39m: Database connected successfully
[2024-03-03T19:06:59.422Z] [32minfo[39m: App is running on por 8000
[2024-03-03T19:07:05.405Z] [32minfo[39m: Database connected successfully
[2024-03-03T19:07:05.411Z] [32minfo[39m: App is running on por 8000
[2024-03-03T19:08:37.050Z] [32minfo[39m: Database connected successfully
[2024-03-03T19:08:37.058Z] [32minfo[39m: App is running on por 8000
[2024-03-03T19:08:43.213Z] [32minfo[39m: Database connected successfully
[2024-03-03T19:08:43.217Z] [32minfo[39m: App is running on por 8000
[2024-03-03T19:08:47.480Z] [32minfo[39m: Database connected successfully
[2024-03-03T19:08:47.516Z] [32minfo[39m: App is running on por 8000
[2024-03-03T19:09:06.962Z] [32minfo[39m: Database connected successfully
[2024-03-03T19:09:06.965Z] [32minfo[39m: App is running on por 8000
[2024-03-03T19:09:08.568Z] [31merror[39m: ReferenceError: next is not defined
    at createUser (/home/mirza-umer/BackendProjects/nodejs-mongo-boilerplate/src/services/user.service.js:6:5)
    at process.processTicksAndRejections (node:internal/process/task_queues:95:5)
[2024-03-03T19:09:17.448Z] [32minfo[39m: Database connected successfully
[2024-03-03T19:09:17.456Z] [32minfo[39m: App is running on por 8000
[2024-03-03T19:09:18.657Z] [31merror[39m: ReferenceError: next is not defined
    at createUser (/home/mirza-umer/BackendProjects/nodejs-mongo-boilerplate/src/services/user.service.js:6:5)
    at process.processTicksAndRejections (node:internal/process/task_queues:95:5)
[2024-03-03T19:09:28.308Z] [32minfo[39m: Database connected successfully
[2024-03-03T19:09:28.312Z] [32minfo[39m: App is running on por 8000
[2024-03-03T19:09:31.244Z] [31merror[39m: ReferenceError: next is not defined
    at createUser (/home/mirza-umer/BackendProjects/nodejs-mongo-boilerplate/src/services/user.service.js:6:5)
    at process.processTicksAndRejections (node:internal/process/task_queues:95:5)
[2024-03-03T19:10:21.551Z] [32minfo[39m: Database connected successfully
[2024-03-03T19:10:21.555Z] [32minfo[39m: App is running on por 8000
[2024-03-03T19:10:23.910Z] [32minfo[39m: Database connected successfully
[2024-03-03T19:10:23.915Z] [32minfo[39m: App is running on por 8000
[2024-03-03T19:10:26.598Z] [31merror[39m: ReferenceError: next is not defined
    at createUser (/home/mirza-umer/BackendProjects/nodejs-mongo-boilerplate/src/services/user.service.js:6:5)
    at process.processTicksAndRejections (node:internal/process/task_queues:95:5)
[2024-03-03T19:11:05.947Z] [32minfo[39m: Database connected successfully
[2024-03-03T19:11:05.951Z] [32minfo[39m: App is running on por 8000
[2024-03-03T19:11:40.672Z] [32minfo[39m: Database connected successfully
[2024-03-03T19:11:40.676Z] [32minfo[39m: App is running on por 8000
[2024-03-03T19:11:52.445Z] [32minfo[39m: Database connected successfully
[2024-03-03T19:11:52.451Z] [32minfo[39m: App is running on por 8000
[2024-03-03T19:11:54.463Z] [31merror[39m: TypeError: catchAPIError is not a constructor
    at createUser (/home/mirza-umer/BackendProjects/nodejs-mongo-boilerplate/src/services/user.service.js:7:11)
    at process.processTicksAndRejections (node:internal/process/task_queues:95:5)
[2024-03-03T19:12:09.722Z] [32minfo[39m: Database connected successfully
[2024-03-03T19:12:09.726Z] [32minfo[39m: App is running on por 8000
[2024-03-03T19:12:19.826Z] [32minfo[39m: Database connected successfully
[2024-03-03T19:12:19.831Z] [32minfo[39m: App is running on por 8000
[2024-03-03T19:12:21.654Z] [31merror[39m: Error: Email already taken
    at createUser (/home/mirza-umer/BackendProjects/nodejs-mongo-boilerplate/src/services/user.service.js:7:11)
    at process.processTicksAndRejections (node:internal/process/task_queues:95:5)
[2024-03-03T19:13:03.358Z] [32minfo[39m: Database connected successfully
[2024-03-03T19:13:03.365Z] [32minfo[39m: App is running on por 8000
[2024-03-03T19:13:13.817Z] [32minfo[39m: Database connected successfully
[2024-03-03T19:13:13.821Z] [32minfo[39m: App is running on por 8000
[2024-03-03T19:13:16.144Z] [31merror[39m: Error: Email already taken
    at createUser (/home/mirza-umer/BackendProjects/nodejs-mongo-boilerplate/src/services/user.service.js:7:11)
    at process.processTicksAndRejections (node:internal/process/task_queues:95:5)
[2024-03-03T19:14:08.266Z] [32minfo[39m: Database connected successfully
[2024-03-03T19:14:08.271Z] [32minfo[39m: App is running on por 8000
[2024-03-03T19:14:12.260Z] [31merror[39m: Error: Email already taken
    at createUser (/home/mirza-umer/BackendProjects/nodejs-mongo-boilerplate/src/services/user.service.js:8:11)
    at process.processTicksAndRejections (node:internal/process/task_queues:95:5)
[2024-03-03T19:14:17.333Z] [32minfo[39m: Database connected successfully
[2024-03-03T19:14:17.339Z] [32minfo[39m: App is running on por 8000
[2024-03-03T19:14:25.343Z] [32minfo[39m: Database connected successfully
[2024-03-03T19:14:25.347Z] [32minfo[39m: App is running on por 8000
[2024-03-03T19:14:46.344Z] [31merror[39m: Error: Email already taken
    at createUser (/home/mirza-umer/BackendProjects/nodejs-mongo-boilerplate/src/services/user.service.js:7:11)
    at process.processTicksAndRejections (node:internal/process/task_queues:95:5)
[2024-03-03T19:15:54.346Z] [32minfo[39m: Database connected successfully
[2024-03-03T19:15:54.350Z] [32minfo[39m: App is running on por 8000
[2024-03-03T19:16:00.979Z] [32minfo[39m: Database connected successfully
[2024-03-03T19:16:00.983Z] [32minfo[39m: App is running on por 8000
[2024-03-03T19:20:15.121Z] [32minfo[39m: Database connected successfully
[2024-03-03T19:20:15.131Z] [32minfo[39m: App is running on por 8000
[2024-03-03T19:20:24.870Z] [32minfo[39m: Database connected successfully
[2024-03-03T19:20:24.874Z] [32minfo[39m: App is running on por 8000
[2024-03-03T19:21:00.755Z] [32minfo[39m: Database connected successfully
[2024-03-03T19:21:00.760Z] [32minfo[39m: App is running on por 8000
[2024-03-03T19:21:04.241Z] [32minfo[39m: Database connected successfully
[2024-03-03T19:21:04.246Z] [32minfo[39m: App is running on por 8000
[2024-03-03T19:21:15.465Z] [32minfo[39m: Database connected successfully
[2024-03-03T19:21:15.470Z] [32minfo[39m: App is running on por 8000
[2024-03-03T19:21:51.554Z] [32minfo[39m: Database connected successfully
[2024-03-03T19:21:51.557Z] [32minfo[39m: App is running on por 8000
[2024-03-03T19:22:20.567Z] [32minfo[39m: Database connected successfully
[2024-03-03T19:22:20.571Z] [32minfo[39m: App is running on por 8000
[2024-03-03T19:22:23.254Z] [32minfo[39m: Database connected successfully
[2024-03-03T19:22:23.262Z] [32minfo[39m: App is running on por 8000
[2024-03-03T19:22:26.297Z] [32minfo[39m: Database connected successfully
[2024-03-03T19:22:26.305Z] [32minfo[39m: App is running on por 8000
[2024-03-03T19:23:57.167Z] [32minfo[39m: Database connected successfully
[2024-03-03T19:23:57.173Z] [32minfo[39m: App is running on por 8000
[2024-03-03T19:24:04.835Z] [32minfo[39m: Database connected successfully
[2024-03-03T19:24:04.840Z] [32minfo[39m: App is running on por 8000
[2024-03-03T19:24:51.697Z] [32minfo[39m: Database connected successfully
[2024-03-03T19:24:51.702Z] [32minfo[39m: App is running on por 8000
[2024-03-03T19:25:08.029Z] [32minfo[39m: Database connected successfully
[2024-03-03T19:25:08.033Z] [32minfo[39m: App is running on por 8000
[2024-03-03T19:25:44.820Z] [32minfo[39m: Database connected successfully
[2024-03-03T19:25:44.825Z] [32minfo[39m: App is running on por 8000
[2024-03-03T19:26:10.026Z] [32minfo[39m: Database connected successfully
[2024-03-03T19:26:10.030Z] [32minfo[39m: App is running on por 8000
[2024-03-03T19:26:33.124Z] [32minfo[39m: Database connected successfully
[2024-03-03T19:26:33.150Z] [32minfo[39m: App is running on por 8000
[2024-03-03T19:27:13.930Z] [32minfo[39m: Database connected successfully
[2024-03-03T19:27:13.935Z] [32minfo[39m: App is running on por 8000
[2024-03-03T19:27:28.835Z] [32minfo[39m: Database connected successfully
[2024-03-03T19:27:28.838Z] [32minfo[39m: App is running on por 8000
[2024-03-03T19:36:53.499Z] [32minfo[39m: Database connected successfully
[2024-03-03T19:36:53.504Z] [32minfo[39m: App is running on por 8000
[2024-03-03T19:37:02.415Z] [32minfo[39m: Database connected successfully
[2024-03-03T19:37:02.419Z] [32minfo[39m: App is running on por 8000
[2024-03-03T19:39:11.906Z] [32minfo[39m: Database connected successfully
[2024-03-03T19:39:11.911Z] [32minfo[39m: App is running on por 8000
[2024-03-03T19:39:15.053Z] [32minfo[39m: Database connected successfully
[2024-03-03T19:39:15.059Z] [32minfo[39m: App is running on por 8000
[2024-03-03T19:39:56.277Z] [32minfo[39m: Database connected successfully
[2024-03-03T19:39:56.283Z] [32minfo[39m: App is running on por 8000
[2024-03-03T19:40:04.804Z] [32minfo[39m: Database connected successfully
[2024-03-03T19:40:04.809Z] [32minfo[39m: App is running on por 8000
[2024-03-03T19:40:18.415Z] [32minfo[39m: Database connected successfully
[2024-03-03T19:40:18.421Z] [32minfo[39m: App is running on por 8000
[2024-03-03T19:40:39.288Z] [32minfo[39m: Database connected successfully
[2024-03-03T19:40:39.294Z] [32minfo[39m: App is running on por 8000
[2024-03-03T19:40:42.143Z] [32minfo[39m: Database connected successfully
[2024-03-03T19:40:42.146Z] [32minfo[39m: App is running on por 8000
[2024-03-03T19:40:46.025Z] [32minfo[39m: Database connected successfully
[2024-03-03T19:40:46.029Z] [32minfo[39m: App is running on por 8000
[2024-03-03T19:42:11.157Z] [32minfo[39m: Database connected successfully
[2024-03-03T19:42:11.163Z] [32minfo[39m: App is running on por 8000
[2024-03-03T19:42:13.115Z] [32minfo[39m: Database connected successfully
[2024-03-03T19:42:13.119Z] [32minfo[39m: App is running on por 8000
[2024-03-03T19:42:45.532Z] [32minfo[39m: Database connected successfully
[2024-03-03T19:42:45.537Z] [32minfo[39m: App is running on por 8000
[2024-03-03T19:43:04.943Z] [32minfo[39m: Database connected successfully
[2024-03-03T19:43:04.948Z] [32minfo[39m: App is running on por 8000
[2024-03-03T19:43:37.974Z] [32minfo[39m: Database connected successfully
[2024-03-03T19:43:37.977Z] [32minfo[39m: App is running on por 8000
[2024-03-03T19:43:44.838Z] [32minfo[39m: Database connected successfully
[2024-03-03T19:43:44.843Z] [32minfo[39m: App is running on por 8000
[2024-03-03T19:43:56.806Z] [32minfo[39m: Database connected successfully
[2024-03-03T19:43:56.810Z] [32minfo[39m: App is running on por 8000
[2024-03-03T19:44:05.565Z] [32minfo[39m: Database connected successfully
[2024-03-03T19:44:05.569Z] [32minfo[39m: App is running on por 8000
[2024-03-03T19:44:27.014Z] [32minfo[39m: Database connected successfully
[2024-03-03T19:44:27.019Z] [32minfo[39m: App is running on por 8000
[2024-03-03T19:44:31.620Z] [32minfo[39m: Database connected successfully
[2024-03-03T19:44:31.625Z] [32minfo[39m: App is running on por 8000
[2024-03-03T19:44:43.766Z] [32minfo[39m: Database connected successfully
[2024-03-03T19:44:43.770Z] [32minfo[39m: App is running on por 8000
[2024-03-03T19:44:57.380Z] [32minfo[39m: Database connected successfully
[2024-03-03T19:44:57.384Z] [32minfo[39m: App is running on por 8000
[2024-03-03T19:46:27.539Z] [32minfo[39m: Database connected successfully
[2024-03-03T19:46:27.543Z] [32minfo[39m: App is running on por 8000
[2024-03-03T19:47:13.770Z] [32minfo[39m: Database connected successfully
[2024-03-03T19:47:13.775Z] [32minfo[39m: App is running on por 8000
[2024-03-03T19:47:26.171Z] [32minfo[39m: Database connected successfully
[2024-03-03T19:47:26.176Z] [32minfo[39m: App is running on por 8000
[2024-03-03T19:47:44.141Z] [32minfo[39m: Database connected successfully
[2024-03-03T19:47:44.148Z] [32minfo[39m: App is running on por 8000
[2024-03-03T19:48:14.428Z] [32minfo[39m: Database connected successfully
[2024-03-03T19:48:14.433Z] [32minfo[39m: App is running on por 8000
[2024-03-03T19:48:40.932Z] [32minfo[39m: Database connected successfully
[2024-03-03T19:48:40.937Z] [32minfo[39m: App is running on por 8000
[2024-03-03T19:48:56.126Z] [32minfo[39m: Database connected successfully
[2024-03-03T19:48:56.130Z] [32minfo[39m: App is running on por 8000
[2024-03-03T19:50:24.178Z] [32minfo[39m: Database connected successfully
[2024-03-03T19:50:24.183Z] [32minfo[39m: App is running on por 8000
[2024-03-03T19:51:52.845Z] [32minfo[39m: Database connected successfully
[2024-03-03T19:51:52.849Z] [32minfo[39m: App is running on por 8000
[2024-03-03T19:52:16.196Z] [32minfo[39m: Database connected successfully
[2024-03-03T19:52:16.200Z] [32minfo[39m: App is running on por 8000
[2024-03-03T19:52:21.126Z] [32minfo[39m: Database connected successfully
[2024-03-03T19:52:21.131Z] [32minfo[39m: App is running on por 8000
[2024-03-03T19:52:23.670Z] [32minfo[39m: Database connected successfully
[2024-03-03T19:52:23.674Z] [32minfo[39m: App is running on por 8000
[2024-03-03T19:52:48.786Z] [32minfo[39m: Database connected successfully
[2024-03-03T19:52:48.792Z] [32minfo[39m: App is running on por 8000
[2024-03-03T19:53:23.281Z] [32minfo[39m: Database connected successfully
[2024-03-03T19:53:23.285Z] [32minfo[39m: App is running on por 8000
[2024-03-03T19:56:31.022Z] [32minfo[39m: Database connected successfully
[2024-03-03T19:56:31.027Z] [32minfo[39m: App is running on por 8000
[2024-03-03T19:56:38.912Z] [32minfo[39m: Database connected successfully
[2024-03-03T19:56:38.916Z] [32minfo[39m: App is running on por 8000
[2024-03-03T19:57:28.929Z] [32minfo[39m: Database connected successfully
[2024-03-03T19:57:28.934Z] [32minfo[39m: App is running on por 8000
[2024-03-04T05:34:49.844Z] [31merror[39m: MongooseServerSelectionError: Could not connect to any servers in your MongoDB Atlas cluster. One common reason is that you're trying to access the database from an IP that isn't whitelisted. Make sure your current IP address is on your Atlas cluster's IP whitelist: https://www.mongodb.com/docs/atlas/security-whitelist/
    at _handleConnectionErrors (/home/mirza-umer/BackendProjects/nodejs-mongo-boilerplate/node_modules/mongoose/lib/connection.js:851:11)
    at NativeConnection.openUri (/home/mirza-umer/BackendProjects/nodejs-mongo-boilerplate/node_modules/mongoose/lib/connection.js:826:11)
    at process.processTicksAndRejections (node:internal/process/task_queues:95:5)
[2024-03-04T17:53:34.302Z] [32minfo[39m: Database connected successfully
[2024-03-04T17:53:34.305Z] [32minfo[39m: App is running on por 8000
[2024-03-04T17:53:44.557Z] [32minfo[39m: Database connected successfully
[2024-03-04T17:53:44.561Z] [32minfo[39m: App is running on por 8000
[2024-03-04T17:54:22.772Z] [32minfo[39m: Database connected successfully
[2024-03-04T17:54:22.776Z] [32minfo[39m: App is running on por 8000
[2024-03-04T17:57:44.642Z] [32minfo[39m: Database connected successfully
[2024-03-04T17:57:44.648Z] [32minfo[39m: App is running on por 8000
[2024-03-04T17:57:59.897Z] [32minfo[39m: Database connected successfully
[2024-03-04T17:57:59.901Z] [32minfo[39m: App is running on por 8000
[2024-03-04T17:58:27.083Z] [32minfo[39m: Database connected successfully
[2024-03-04T17:58:27.087Z] [32minfo[39m: App is running on por 8000
[2024-03-04T17:58:34.285Z] [32minfo[39m: Database connected successfully
[2024-03-04T17:58:34.289Z] [32minfo[39m: App is running on por 8000
[2024-03-04T18:00:33.497Z] [32minfo[39m: Database connected successfully
[2024-03-04T18:00:33.503Z] [32minfo[39m: App is running on por 8000
[2024-03-04T18:02:31.548Z] [32minfo[39m: Database connected successfully
[2024-03-04T18:02:31.566Z] [32minfo[39m: App is running on por 8000
[2024-03-04T18:09:14.880Z] [32minfo[39m: Database connected successfully
[2024-03-04T18:09:14.884Z] [32minfo[39m: App is running on por 8000
[2024-03-04T18:09:33.458Z] [32minfo[39m: Database connected successfully
[2024-03-04T18:09:33.462Z] [32minfo[39m: App is running on por 8000
[2024-03-04T18:09:35.252Z] [32minfo[39m: Database connected successfully
[2024-03-04T18:09:35.258Z] [32minfo[39m: App is running on por 8000
[2024-03-04T18:10:13.064Z] [32minfo[39m: Database connected successfully
[2024-03-04T18:10:13.071Z] [32minfo[39m: App is running on por 8000
[2024-03-04T18:11:41.616Z] [32minfo[39m: Database connected successfully
[2024-03-04T18:11:41.624Z] [32minfo[39m: App is running on por 8000
[2024-03-04T18:11:55.803Z] [32minfo[39m: Database connected successfully
[2024-03-04T18:11:55.811Z] [32minfo[39m: App is running on por 8000
[2024-03-04T18:12:10.170Z] [32minfo[39m: Database connected successfully
[2024-03-04T18:12:10.177Z] [32minfo[39m: App is running on por 8000
[2024-03-04T18:13:07.479Z] [32minfo[39m: Database connected successfully
[2024-03-04T18:13:07.486Z] [32minfo[39m: App is running on por 8000
[2024-03-04T18:13:28.691Z] [32minfo[39m: Database connected successfully
[2024-03-04T18:13:28.699Z] [32minfo[39m: App is running on por 8000
[2024-03-04T18:13:40.667Z] [32minfo[39m: Database connected successfully
[2024-03-04T18:13:40.678Z] [32minfo[39m: App is running on por 8000
[2024-03-04T18:14:33.922Z] [32minfo[39m: Database connected successfully
[2024-03-04T18:14:33.929Z] [32minfo[39m: App is running on por 8000
[2024-03-04T18:15:08.521Z] [32minfo[39m: Database connected successfully
[2024-03-04T18:15:08.528Z] [32minfo[39m: App is running on por 8000
[2024-03-04T18:15:24.499Z] [32minfo[39m: Database connected successfully
[2024-03-04T18:15:24.511Z] [32minfo[39m: App is running on por 8000
[2024-03-04T18:16:12.868Z] [32minfo[39m: Database connected successfully
[2024-03-04T18:16:12.878Z] [32minfo[39m: App is running on por 8000
[2024-03-04T18:17:09.030Z] [32minfo[39m: Database connected successfully
[2024-03-04T18:17:09.039Z] [32minfo[39m: App is running on por 8000
[2024-03-04T18:19:59.853Z] [32minfo[39m: Database connected successfully
[2024-03-04T18:19:59.880Z] [32minfo[39m: App is running on por 8000
[2024-03-04T18:22:51.076Z] [32minfo[39m: Database connected successfully
[2024-03-04T18:22:51.093Z] [32minfo[39m: App is running on por 8000
[2024-03-04T18:22:57.152Z] [32minfo[39m: Database connected successfully
[2024-03-04T18:22:57.159Z] [32minfo[39m: App is running on por 8000
[2024-03-04T18:23:08.027Z] [32minfo[39m: Database connected successfully
[2024-03-04T18:23:08.036Z] [32minfo[39m: App is running on por 8000
[2024-03-04T18:23:54.647Z] [32minfo[39m: Database connected successfully
[2024-03-04T18:23:54.658Z] [32minfo[39m: App is running on por 8000
[2024-03-04T18:24:04.782Z] [32minfo[39m: Database connected successfully
[2024-03-04T18:24:04.791Z] [32minfo[39m: App is running on por 8000
[2024-03-04T18:24:07.368Z] [32minfo[39m: Database connected successfully
[2024-03-04T18:24:07.376Z] [32minfo[39m: App is running on por 8000
[2024-03-04T18:24:22.170Z] [32minfo[39m: Database connected successfully
[2024-03-04T18:24:22.178Z] [32minfo[39m: App is running on por 8000
[2024-03-04T18:25:23.982Z] [32minfo[39m: Database connected successfully
[2024-03-04T18:25:24.044Z] [32minfo[39m: App is running on por 8000
[2024-03-04T18:25:46.900Z] [32minfo[39m: Database connected successfully
[2024-03-04T18:25:46.906Z] [32minfo[39m: App is running on por 8000
[2024-03-04T18:26:24.833Z] [32minfo[39m: Database connected successfully
[2024-03-04T18:26:24.862Z] [32minfo[39m: App is running on por 8000
[2024-03-04T18:26:38.913Z] [32minfo[39m: Database connected successfully
[2024-03-04T18:26:38.924Z] [32minfo[39m: App is running on por 8000
[2024-03-04T18:27:46.589Z] [32minfo[39m: Database connected successfully
[2024-03-04T18:27:46.597Z] [32minfo[39m: App is running on por 8000
[2024-03-04T18:27:54.633Z] [32minfo[39m: Database connected successfully
[2024-03-04T18:27:54.649Z] [32minfo[39m: App is running on por 8000
[2024-03-04T18:27:58.735Z] [32minfo[39m: Database connected successfully
[2024-03-04T18:27:58.759Z] [32minfo[39m: App is running on por 8000
[2024-03-04T18:29:22.937Z] [32minfo[39m: Database connected successfully
[2024-03-04T18:29:22.963Z] [32minfo[39m: App is running on por 8000
[2024-03-04T18:30:34.016Z] [32minfo[39m: Database connected successfully
[2024-03-04T18:30:34.027Z] [32minfo[39m: App is running on por 8000
[2024-03-04T18:30:47.793Z] [32minfo[39m: Database connected successfully
[2024-03-04T18:30:47.803Z] [32minfo[39m: App is running on por 8000
[2024-03-04T18:31:01.331Z] [32minfo[39m: Database connected successfully
[2024-03-04T18:31:01.364Z] [32minfo[39m: App is running on por 8000
[2024-03-04T18:31:56.574Z] [32minfo[39m: Database connected successfully
[2024-03-04T18:31:56.580Z] [32minfo[39m: App is running on por 8000
[2024-03-04T18:32:03.110Z] [32minfo[39m: Database connected successfully
[2024-03-04T18:32:03.119Z] [32minfo[39m: App is running on por 8000
[2024-03-04T18:32:26.795Z] [32minfo[39m: Database connected successfully
[2024-03-04T18:32:26.801Z] [32minfo[39m: App is running on por 8000
[2024-03-04T18:32:40.163Z] [32minfo[39m: Database connected successfully
[2024-03-04T18:32:40.170Z] [32minfo[39m: App is running on por 8000
[2024-03-04T18:32:43.125Z] [32minfo[39m: Database connected successfully
[2024-03-04T18:32:43.136Z] [32minfo[39m: App is running on por 8000
[2024-03-04T18:34:53.164Z] [32minfo[39m: Database connected successfully
[2024-03-04T18:34:53.179Z] [32minfo[39m: App is running on por 8000
[2024-03-04T18:35:02.960Z] [32minfo[39m: Database connected successfully
[2024-03-04T18:35:02.969Z] [32minfo[39m: App is running on por 8000
[2024-03-04T18:35:27.304Z] [32minfo[39m: Database connected successfully
[2024-03-04T18:35:27.311Z] [32minfo[39m: App is running on por 8000
[2024-03-04T18:36:20.162Z] [32minfo[39m: Database connected successfully
[2024-03-04T18:36:20.171Z] [32minfo[39m: App is running on por 8000
[2024-03-04T18:36:23.375Z] [32minfo[39m: Database connected successfully
[2024-03-04T18:36:23.382Z] [32minfo[39m: App is running on por 8000
[2024-03-04T18:37:03.293Z] [32minfo[39m: Database connected successfully
[2024-03-04T18:37:03.300Z] [32minfo[39m: App is running on por 8000
[2024-03-04T18:37:14.586Z] [32minfo[39m: Database connected successfully
[2024-03-04T18:37:14.599Z] [32minfo[39m: App is running on por 8000
[2024-03-04T18:37:57.307Z] [32minfo[39m: Database connected successfully
[2024-03-04T18:37:57.313Z] [32minfo[39m: App is running on por 8000
[2024-03-04T18:38:00.606Z] [32minfo[39m: Database connected successfully
[2024-03-04T18:38:00.615Z] [32minfo[39m: App is running on por 8000
[2024-03-04T18:38:25.395Z] [32minfo[39m: Database connected successfully
[2024-03-04T18:38:25.404Z] [32minfo[39m: App is running on por 8000
[2024-03-04T18:39:47.249Z] [32minfo[39m: Database connected successfully
[2024-03-04T18:39:47.258Z] [32minfo[39m: App is running on por 8000
[2024-03-04T18:40:24.540Z] [32minfo[39m: Database connected successfully
[2024-03-04T18:40:24.551Z] [32minfo[39m: App is running on por 8000
[2024-03-04T18:40:37.543Z] [32minfo[39m: Database connected successfully
[2024-03-04T18:40:37.549Z] [32minfo[39m: App is running on por 8000
[2024-03-04T18:41:00.944Z] [32minfo[39m: Database connected successfully
[2024-03-04T18:41:00.959Z] [32minfo[39m: App is running on por 8000
[2024-03-04T18:42:01.879Z] [32minfo[39m: Database connected successfully
[2024-03-04T18:42:01.886Z] [32minfo[39m: App is running on por 8000
[2024-03-04T18:43:43.628Z] [32minfo[39m: Database connected successfully
[2024-03-04T18:43:43.635Z] [32minfo[39m: App is running on por 8000
[2024-03-04T18:43:52.784Z] [32minfo[39m: Database connected successfully
[2024-03-04T18:43:52.791Z] [32minfo[39m: App is running on por 8000
[2024-03-04T18:43:55.626Z] [32minfo[39m: Database connected successfully
[2024-03-04T18:43:55.637Z] [32minfo[39m: App is running on por 8000
[2024-03-04T18:44:31.632Z] [32minfo[39m: Database connected successfully
[2024-03-04T18:44:31.640Z] [32minfo[39m: App is running on por 8000
[2024-03-04T18:44:46.205Z] [32minfo[39m: Database connected successfully
[2024-03-04T18:44:46.211Z] [32minfo[39m: App is running on por 8000
[2024-03-04T18:45:27.634Z] [32minfo[39m: Database connected successfully
[2024-03-04T18:45:27.647Z] [32minfo[39m: App is running on por 8000
[2024-03-04T18:51:25.612Z] [32minfo[39m: Database connected successfully
[2024-03-04T18:51:25.615Z] [32minfo[39m: App is running on por 8000
[2024-03-04T18:51:28.432Z] [32minfo[39m: Database connected successfully
[2024-03-04T18:51:28.437Z] [32minfo[39m: App is running on por 8000
[2024-03-04T18:51:35.834Z] [32minfo[39m: Database connected successfully
[2024-03-04T18:51:35.838Z] [32minfo[39m: App is running on por 8000
[2024-03-04T18:52:04.449Z] [32minfo[39m: Database connected successfully
[2024-03-04T18:52:04.454Z] [32minfo[39m: App is running on por 8000
[2024-03-04T18:52:10.679Z] [32minfo[39m: Database connected successfully
[2024-03-04T18:52:10.683Z] [32minfo[39m: App is running on por 8000
[2024-03-04T18:52:18.459Z] [32minfo[39m: Database connected successfully
[2024-03-04T18:52:18.463Z] [32minfo[39m: App is running on por 8000
[2024-03-04T18:53:51.932Z] [32minfo[39m: Database connected successfully
[2024-03-04T18:53:51.937Z] [32minfo[39m: App is running on por 8000
[2024-03-04T18:54:42.037Z] [32minfo[39m: Database connected successfully
[2024-03-04T18:54:42.041Z] [32minfo[39m: App is running on por 8000
[2024-03-04T18:54:47.290Z] [32minfo[39m: Database connected successfully
[2024-03-04T18:54:47.297Z] [32minfo[39m: App is running on por 8000
[2024-03-04T18:55:05.637Z] [32minfo[39m: Database connected successfully
[2024-03-04T18:55:05.651Z] [32minfo[39m: App is running on por 8000
[2024-03-04T18:58:10.624Z] [32minfo[39m: Database connected successfully
[2024-03-04T18:58:10.629Z] [32minfo[39m: App is running on por 8000
[2024-03-04T18:58:13.306Z] [32minfo[39m: Database connected successfully
[2024-03-04T18:58:13.312Z] [32minfo[39m: App is running on por 8000
[2024-03-04T18:58:42.278Z] [32minfo[39m: Database connected successfully
[2024-03-04T18:58:42.283Z] [32minfo[39m: App is running on por 8000
[2024-03-04T18:59:59.890Z] [32minfo[39m: Database connected successfully
[2024-03-04T18:59:59.895Z] [32minfo[39m: App is running on por 8000
[2024-03-04T19:00:01.353Z] [32minfo[39m: Database connected successfully
[2024-03-04T19:00:01.358Z] [32minfo[39m: App is running on por 8000
[2024-03-04T19:00:07.169Z] [32minfo[39m: Database connected successfully
[2024-03-04T19:00:07.174Z] [32minfo[39m: App is running on por 8000
[2024-03-04T19:00:17.378Z] [32minfo[39m: Database connected successfully
[2024-03-04T19:00:17.383Z] [32minfo[39m: App is running on por 8000
[2024-03-04T19:01:22.587Z] [32minfo[39m: Database connected successfully
[2024-03-04T19:01:22.592Z] [32minfo[39m: App is running on por 8000
[2024-03-04T19:01:26.408Z] [32minfo[39m: Database connected successfully
[2024-03-04T19:01:26.412Z] [32minfo[39m: App is running on por 8000
[2024-03-04T19:01:51.821Z] [32minfo[39m: Database connected successfully
[2024-03-04T19:01:51.826Z] [32minfo[39m: App is running on por 8000
[2024-03-04T19:02:00.550Z] [32minfo[39m: Database connected successfully
[2024-03-04T19:02:00.556Z] [32minfo[39m: App is running on por 8000
[2024-03-04T19:02:06.147Z] [32minfo[39m: Database connected successfully
[2024-03-04T19:02:06.152Z] [32minfo[39m: App is running on por 8000
[2024-03-04T19:02:52.160Z] [32minfo[39m: Database connected successfully
[2024-03-04T19:02:52.164Z] [32minfo[39m: App is running on por 8000
[2024-03-04T19:03:49.577Z] [32minfo[39m: Database connected successfully
[2024-03-04T19:03:49.581Z] [32minfo[39m: App is running on por 8000
[2024-03-04T19:03:58.705Z] [32minfo[39m: Database connected successfully
[2024-03-04T19:03:58.708Z] [32minfo[39m: App is running on por 8000
[2024-03-04T19:04:56.037Z] [32minfo[39m: Database connected successfully
[2024-03-04T19:04:56.041Z] [32minfo[39m: App is running on por 8000
[2024-03-04T19:08:52.014Z] [32minfo[39m: Database connected successfully
[2024-03-04T19:08:52.021Z] [32minfo[39m: App is running on por 8000
[2024-03-04T19:08:56.844Z] [32minfo[39m: Database connected successfully
[2024-03-04T19:08:56.848Z] [32minfo[39m: App is running on por 8000
[2024-03-04T19:09:41.309Z] [32minfo[39m: Database connected successfully
[2024-03-04T19:09:41.313Z] [32minfo[39m: App is running on por 8000
[2024-03-04T19:09:50.362Z] [32minfo[39m: Database connected successfully
[2024-03-04T19:09:50.367Z] [32minfo[39m: App is running on por 8000
[2024-03-04T19:09:55.565Z] [32minfo[39m: Database connected successfully
[2024-03-04T19:09:55.573Z] [32minfo[39m: App is running on por 8000
[2024-03-04T19:09:59.073Z] [32minfo[39m: Database connected successfully
[2024-03-04T19:09:59.077Z] [32minfo[39m: App is running on por 8000
[2024-03-04T19:10:36.843Z] [32minfo[39m: Database connected successfully
[2024-03-04T19:10:36.849Z] [32minfo[39m: App is running on por 8000
[2024-03-04T19:11:34.163Z] [32minfo[39m: Database connected successfully
[2024-03-04T19:11:34.186Z] [32minfo[39m: App is running on por 8000
[2024-03-04T19:11:49.927Z] [32minfo[39m: Database connected successfully
[2024-03-04T19:11:49.931Z] [32minfo[39m: App is running on por 8000
[2024-03-04T19:13:03.562Z] [32minfo[39m: Database connected successfully
[2024-03-04T19:13:03.568Z] [32minfo[39m: App is running on por 8000
[2024-03-04T19:13:26.528Z] [32minfo[39m: Database connected successfully
[2024-03-04T19:13:26.532Z] [32minfo[39m: App is running on por 8000
[2024-03-04T19:13:52.824Z] [32minfo[39m: Database connected successfully
[2024-03-04T19:13:52.828Z] [32minfo[39m: App is running on por 8000
[2024-03-04T19:17:39.859Z] [32minfo[39m: Database connected successfully
[2024-03-04T19:17:39.864Z] [32minfo[39m: App is running on por 8000
[2024-03-04T19:17:42.633Z] [32minfo[39m: Database connected successfully
[2024-03-04T19:17:42.638Z] [32minfo[39m: App is running on por 8000
[2024-03-04T19:17:44.323Z] [32minfo[39m: Database connected successfully
[2024-03-04T19:17:44.327Z] [32minfo[39m: App is running on por 8000
[2024-03-04T19:17:47.568Z] [32minfo[39m: Database connected successfully
[2024-03-04T19:17:47.576Z] [32minfo[39m: App is running on por 8000
